The C compiler identification could not be found in "C:/Users/Arash/Desktop/PCSC2017_Group2/cmake-build-debug/CMakeFiles/3.8.2/CompilerIdC/a.exe"

The CXX compiler identification could not be found in "C:/Users/Arash/Desktop/PCSC2017_Group2/cmake-build-debug/CMakeFiles/3.8.2/CompilerIdCXX/a.exe"

Detecting CXX compiler ABI info failed to compile with the following output:
Change Dir: C:/Users/Arash/Desktop/PCSC2017_Group2/cmake-build-debug/CMakeFiles/CMakeTmp

Run Build Command:"A:/MinGW/bin/mingw32-make.exe" "cmTC_f9c9f/fast"
A:/MinGW/bin/mingw32-make.exe -f CMakeFiles\cmTC_f9c9f.dir\build.make CMakeFiles/cmTC_f9c9f.dir/build
mingw32-make.exe[1]: Entering directory 'C:/Users/Arash/Desktop/PCSC2017_Group2/cmake-build-debug/CMakeFiles/CMakeTmp'
Building CXX object CMakeFiles/cmTC_f9c9f.dir/CMakeCXXCompilerABI.cpp.obj
A:\MinGW\bin\g++.exe     -o CMakeFiles\cmTC_f9c9f.dir\CMakeCXXCompilerABI.cpp.obj -c "A:\Program Files\JetBrains\CLion 2017.2.3\bin\cmake\share\cmake-3.8\Modules\CMakeCXXCompilerABI.cpp"
Linking CXX executable cmTC_f9c9f.exe
"A:\Program Files\JetBrains\CLion 2017.2.3\bin\cmake\bin\cmake.exe" -E cmake_link_script CMakeFiles\cmTC_f9c9f.dir\link.txt --verbose=1
"A:\Program Files\JetBrains\CLion 2017.2.3\bin\cmake\bin\cmake.exe" -E remove -f CMakeFiles\cmTC_f9c9f.dir/objects.a
A:\MinGW\bin\ar.exe cr CMakeFiles\cmTC_f9c9f.dir/objects.a @CMakeFiles\cmTC_f9c9f.dir\objects1.rsp
A:\MinGW\bin\g++.exe     -v -Wl,--whole-archive CMakeFiles\cmTC_f9c9f.dir/objects.a -Wl,--no-whole-archive  -o cmTC_f9c9f.exe -Wl,--out-implib,libcmTC_f9c9f.dll.a -Wl,--major-image-version,0,--minor-image-version,0 
Using built-in specs.
COLLECT_GCC=A:\MinGW\bin\g++.exe
COLLECT_LTO_WRAPPER=a:/mingw/bin/../libexec/gcc/mingw32/6.3.0/lto-wrapper.exe
Target: mingw32
Configured with: ../src/gcc-6.3.0/configure --build=x86_64-pc-linux-gnu --host=mingw32 --with-gmp=/mingw --with-mpfr=/mingw --with-mpc=/mingw --with-isl=/mingw --prefix=/mingw --disable-win32-registry --target=mingw32 --with-arch=i586 --enable-languages=c,c++,objc,obj-c++,fortran,ada --with-pkgversion='MinGW.org GCC-6.3.0-1' --enable-static --enable-shared --enable-threads --with-dwarf2 --disable-sjlj-exceptions --enable-version-specific-runtime-libs --with-libiconv-prefix=/mingw --with-libintl-prefix=/mingw --enable-libstdcxx-debug --with-tune=generic --enable-libgomp --disable-libvtv --enable-nls
Thread model: win32
gcc version 6.3.0 (MinGW.org GCC-6.3.0-1) 
COMPILER_PATH=a:/mingw/bin/../libexec/gcc/mingw32/6.3.0/;a:/mingw/bin/../libexec/gcc/;a:/mingw/bin/../lib/gcc/mingw32/6.3.0/../../../../mingw32/bin/
LIBRARY_PATH=a:/mingw/bin/../lib/gcc/mingw32/6.3.0/;a:/mingw/bin/../lib/gcc/;a:/mingw/bin/../lib/gcc/mingw32/6.3.0/../../../../mingw32/lib/;a:/mingw/bin/../lib/gcc/mingw32/6.3.0/../../../
COLLECT_GCC_OPTIONS='-v' '-o' 'cmTC_f9c9f.exe' '-shared-libgcc' '-mtune=generic' '-march=i586'
 a:/mingw/bin/../libexec/gcc/mingw32/6.3.0/collect2.exe -plugin a:/mingw/bin/../libexec/gcc/mingw32/6.3.0/liblto_plugin-0.dll -plugin-opt=a:/mingw/bin/../libexec/gcc/mingw32/6.3.0/lto-wrapper.exe -plugin-opt=-fresolution=C:\Users\Arash\AppData\Local\Temp\ccwJv8Vb.res -plugin-opt=-pass-through=-lmingw32 -plugin-opt=-pass-through=-lgcc_s -plugin-opt=-pass-through=-lgcc -plugin-opt=-pass-through=-lmoldname -plugin-opt=-pass-through=-lmingwex -plugin-opt=-pass-through=-lmsvcrt -plugin-opt=-pass-through=-ladvapi32 -plugin-opt=-pass-through=-lshell32 -plugin-opt=-pass-through=-luser32 -plugin-opt=-pass-through=-lkernel32 -plugin-opt=-pass-through=-lmingw32 -plugin-opt=-pass-through=-lgcc_s -plugin-opt=-pass-through=-lgcc -plugin-opt=-pass-through=-lmoldname -plugin-opt=-pass-through=-lmingwex -plugin-opt=-pass-through=-lmsvcrt -Bdynamic -u ___register_frame_info -u ___deregister_frame_info -o cmTC_f9c9f.exe a:/mingw/bin/../lib/gcc/mingw32/6.3.0/../../../crt2.o a:/mingw/bin/../lib/gcc/mingw32/6.3.0/crtbegin.o -La:/mingw/bin/../lib/gcc/mingw32/6.3.0 -La:/mingw/bin/../lib/gcc -La:/mingw/bin/../lib/gcc/mingw32/6.3.0/../../../../mingw32/lib -La:/mingw/bin/../lib/gcc/mingw32/6.3.0/../../.. --whole-archive CMakeFiles\cmTC_f9c9f.dir/objects.a --no-whole-archive --out-implib libcmTC_f9c9f.dll.a --major-image-version 0 --minor-image-version 0 -lstdc++ -lmingw32 -lgcc_s -lgcc -lmoldname -lmingwex -lmsvcrt -ladvapi32 -lshell32 -luser32 -lkernel32 -lmingw32 -lgcc_s -lgcc -lmoldname -lmingwex -lmsvcrt a:/mingw/bin/../lib/gcc/mingw32/6.3.0/crtend.o
COLLECT_GCC_OPTIONS='-v' '-o' 'cmTC_f9c9f.exe' '-shared-libgcc' '-mtune=generic' '-march=i586'
mingw32-make.exe[1]: Leaving directory 'C:/Users/Arash/Desktop/PCSC2017_Group2/cmake-build-debug/CMakeFiles/CMakeTmp'

Cannot copy output executable
  'C:/Users/Arash/Desktop/PCSC2017_Group2/cmake-build-debug/CMakeFiles/CMakeTmp/cmTC_f9c9f.exe'
to destination specified by COPY_FILE:
  'C:/Users/Arash/Desktop/PCSC2017_Group2/cmake-build-debug/CMakeFiles/3.8.2/CMakeDetermineCompilerABI_CXX.bin'


